Tue Sep 19 2023 8:2:26 } [PH] error: 🐱‍🏍 globalErrorHandler ~~ 
Invalid `prisma.semesterRegistration.update()` invocation:

{
  where: {
    id: "7d4b716f-71e5-47af-b1b2-fa091a44ac3c"
  },
  data: {
    minCredit: 10,
    statuss: "ENDED",
    ~~~~~~~
?   id?: String | StringFieldUpdateOperationsInput,
?   startDate?: DateTime | DateTimeFieldUpdateOperationsInput,
?   endDate?: DateTime | DateTimeFieldUpdateOperationsInput,
?   status?: SemesterRegistrationStatus | NullableEnumSemesterRegistrationStatusFieldUpdateOperationsInput | Null,
?   maxCredit?: Int | IntFieldUpdateOperationsInput,
?   createdAt?: DateTime | DateTimeFieldUpdateOperationsInput,
?   updatedAt?: DateTime | DateTimeFieldUpdateOperationsInput,
?   academicSemester?: AcademicSemesterUpdateOneRequiredWithoutSemesterRegistrationNestedInput
  },
  include: {
    academicSemester: true
  }
}

Unknown argument `statuss`. Did you mean `status`? Available options are listed in green.
